{
  "stats": {
    "suites": 1,
    "tests": 1,
    "passes": 0,
    "pending": 1,
    "failures": 0,
    "start": "2025-12-24T15:07:42.169Z",
    "end": "2025-12-24T15:07:42.285Z",
    "duration": 116,
    "testsRegistered": 1,
    "passPercent": null,
    "pendingPercent": 100,
    "other": 0,
    "hasOther": false,
    "skipped": 0,
    "hasSkipped": false
  },
  "results": [
    {
      "uuid": "c826c5a1-651e-4d43-8c09-2a33f365e194",
      "title": "",
      "fullFile": "cypress/e2e/login-clinica.cy.js",
      "file": "cypress/e2e/login-clinica.cy.js",
      "beforeHooks": [],
      "afterHooks": [],
      "tests": [],
      "suites": [
        {
          "uuid": "02f5780e-873f-404b-a7c2-93678fabe312",
          "title": "Página de Login",
          "fullFile": "",
          "file": "",
          "beforeHooks": [],
          "afterHooks": [],
          "tests": [
            {
              "title": "Digita email e senha corretos para efetuar o login (skipped due to browser)",
              "fullTitle": "Página de Login Digita email e senha corretos para efetuar o login (skipped due to browser)",
              "timedOut": null,
              "duration": 0,
              "state": "pending",
              "speed": null,
              "pass": false,
              "fail": false,
              "pending": true,
              "context": null,
              "code": "cy.login(Cypress.env('email'), Cypress.env('senha'));\ncy.url().should('eq', 'http://localhost:3000/dashboard');",
              "err": {},
              "uuid": "9778dd1c-676b-4d3b-9b9b-67e32da54593",
              "parentUUID": "02f5780e-873f-404b-a7c2-93678fabe312",
              "isHook": false,
              "skipped": false
            }
          ],
          "suites": [],
          "passes": [],
          "failures": [],
          "pending": [
            "9778dd1c-676b-4d3b-9b9b-67e32da54593"
          ],
          "skipped": [],
          "duration": 0,
          "root": false,
          "rootEmpty": false,
          "_timeout": 2000
        }
      ],
      "passes": [],
      "failures": [],
      "pending": [],
      "skipped": [],
      "duration": 0,
      "root": true,
      "rootEmpty": true,
      "_timeout": 2000
    }
  ],
  "meta": {
    "mocha": {
      "version": "7.0.1"
    },
    "mochawesome": {
      "options": {
        "quiet": false,
        "reportFilename": "mochawesome",
        "saveHtml": true,
        "saveJson": true,
        "consoleReporter": "spec",
        "useInlineDiffs": false,
        "code": true
      },
      "version": "7.1.3"
    },
    "marge": {
      "options": {
        "reportDir": "cypress/results",
        "overwrite": false,
        "html": true,
        "json": true,
        "timestamp": "mmddyyyy_HHMMss"
      },
      "version": "6.2.0"
    }
  }
}