{
  "stats": {
    "suites": 2,
    "tests": 2,
    "passes": 2,
    "pending": 0,
    "failures": 0,
    "start": "2025-12-24T15:07:52.934Z",
    "end": "2025-12-24T15:07:55.434Z",
    "duration": 2500,
    "testsRegistered": 2,
    "passPercent": 100,
    "pendingPercent": 0,
    "other": 0,
    "hasOther": false,
    "skipped": 0,
    "hasSkipped": false
  },
  "results": [
    {
      "uuid": "74ddba96-a845-49d4-b07f-e13566f4b762",
      "title": "",
      "fullFile": "cypress/e2e/testes-ia.cy.js",
      "file": "cypress/e2e/testes-ia.cy.js",
      "beforeHooks": [],
      "afterHooks": [],
      "tests": [],
      "suites": [
        {
          "uuid": "eccfb19f-bae9-437d-8e9b-6238b8021e62",
          "title": "Teste de requisição da API para listar clínicas",
          "fullFile": "",
          "file": "",
          "beforeHooks": [],
          "afterHooks": [],
          "tests": [
            {
              "title": "Deve retornar uma lista de clínicas",
              "fullTitle": "Teste de requisição da API para listar clínicas Deve retornar uma lista de clínicas",
              "timedOut": null,
              "duration": 254,
              "state": "passed",
              "speed": "fast",
              "pass": true,
              "fail": false,
              "pending": false,
              "context": null,
              "code": "// Faz uma requisição GET para a rota que lista as clínicas\ncy.request('GET', Cypress.env('api_clinica')).then(response => {\n  // Verifica se a resposta possui o status 200 (OK)\n  expect(response.status).to.eq(200);\n  // Verifica se o corpo da resposta é um array\n  expect(response.body).to.be.an('array');\n  // Verifica se o corpo da resposta contém dados de clínicas\n  expect(response.body.length).to.be.greaterThan(0);\n  // Aqui você pode adicionar mais verificações conforme necessário\n});",
              "err": {},
              "uuid": "94a08698-a8ff-40e0-bb14-7874ce80df0d",
              "parentUUID": "eccfb19f-bae9-437d-8e9b-6238b8021e62",
              "isHook": false,
              "skipped": false
            }
          ],
          "suites": [],
          "passes": [
            "94a08698-a8ff-40e0-bb14-7874ce80df0d"
          ],
          "failures": [],
          "pending": [],
          "skipped": [],
          "duration": 254,
          "root": false,
          "rootEmpty": false,
          "_timeout": 2000
        },
        {
          "uuid": "839270c3-880f-45bb-bb9c-e032bc031afb",
          "title": "Teste de logout no frontend",
          "fullFile": "",
          "file": "",
          "beforeHooks": [],
          "afterHooks": [],
          "tests": [
            {
              "title": "Deve desautenticar o usuário após o logout",
              "fullTitle": "Teste de logout no frontend Deve desautenticar o usuário após o logout",
              "timedOut": null,
              "duration": 1970,
              "state": "passed",
              "speed": "fast",
              "pass": true,
              "fail": false,
              "pending": false,
              "context": null,
              "code": "cy.login(Cypress.env('email'), Cypress.env('senha'));\n// Visita a página onde está o botão de logout\ncy.visit('/dashboard');\n// Executa a ação de logout, como clicar em um botão\ncy.get('.sc-fLcnxK').click(); // Substitua com o seletor do botão de logout real\n// Verifica se o usuário foi desautenticado\ncy.window().its('localStorage.authToken').should('not.exist'); // Verifica se o token de autenticação foi removido do localStorage\n// Verifica se o usuário foi redirecionado para a página de login (opcional)\ncy.url().should('include', '/'); // Verifica se a URL contém a página de login\n// Adicione mais verificações conforme necessário, como a exibição de mensagens de sucesso, etc.",
              "err": {},
              "uuid": "e20239bf-0498-4c69-a8fd-ef7fa3d2316b",
              "parentUUID": "839270c3-880f-45bb-bb9c-e032bc031afb",
              "isHook": false,
              "skipped": false
            }
          ],
          "suites": [],
          "passes": [
            "e20239bf-0498-4c69-a8fd-ef7fa3d2316b"
          ],
          "failures": [],
          "pending": [],
          "skipped": [],
          "duration": 1970,
          "root": false,
          "rootEmpty": false,
          "_timeout": 2000
        }
      ],
      "passes": [],
      "failures": [],
      "pending": [],
      "skipped": [],
      "duration": 0,
      "root": true,
      "rootEmpty": true,
      "_timeout": 2000
    }
  ],
  "meta": {
    "mocha": {
      "version": "7.0.1"
    },
    "mochawesome": {
      "options": {
        "quiet": false,
        "reportFilename": "mochawesome",
        "saveHtml": true,
        "saveJson": true,
        "consoleReporter": "spec",
        "useInlineDiffs": false,
        "code": true
      },
      "version": "7.1.3"
    },
    "marge": {
      "options": {
        "reportDir": "cypress/results",
        "overwrite": false,
        "html": true,
        "json": true,
        "timestamp": "mmddyyyy_HHMMss"
      },
      "version": "6.2.0"
    }
  }
}