{
  "stats": {
    "suites": 2,
    "tests": 1,
    "passes": 1,
    "pending": 0,
    "failures": 0,
    "start": "2025-12-24T15:07:11.709Z",
    "end": "2025-12-24T15:07:16.636Z",
    "duration": 4927,
    "testsRegistered": 1,
    "passPercent": 100,
    "pendingPercent": 0,
    "other": 0,
    "hasOther": false,
    "skipped": 0,
    "hasSkipped": false
  },
  "results": [
    {
      "uuid": "b10125fe-202a-47ef-a7c3-9bd7696f8108",
      "title": "",
      "fullFile": "cypress/e2e/cadastro-sucesso.cy.js",
      "file": "cypress/e2e/cadastro-sucesso.cy.js",
      "beforeHooks": [],
      "afterHooks": [],
      "tests": [],
      "suites": [
        {
          "uuid": "7c616458-fe32-4d83-bef9-30dc60ba3e7c",
          "title": "Página de cadastro",
          "fullFile": "",
          "file": "",
          "beforeHooks": [],
          "afterHooks": [],
          "tests": [],
          "suites": [
            {
              "uuid": "14ec5a5f-44bc-4c84-8b57-d0ae628fdaa9",
              "title": "Sessão de cadastro completa",
              "fullFile": "",
              "file": "",
              "beforeHooks": [],
              "afterHooks": [],
              "tests": [
                {
                  "title": "Cadastra uma clínica",
                  "fullTitle": "Página de cadastro Sessão de cadastro completa Cadastra uma clínica",
                  "timedOut": null,
                  "duration": 4825,
                  "state": "passed",
                  "speed": "fast",
                  "pass": true,
                  "fail": false,
                  "pending": false,
                  "context": null,
                  "code": "cy.get('[href=\"/cadastro\"]').click();\ncy.get('[data-test=\"inputNome\"]').type(_faker.fakerPT_BR.internet.userName());\ncy.get('[data-test=\"inputCNPJ\"]').type(_faker.fakerPT_BR.string.numeric(14));\ncy.get('[data-test=\"inputEmail\"]').type(_faker.fakerPT_BR.internet.email());\ncy.get('[data-test=\"inputSenha\"]').type(senha);\ncy.get('[data-test=\"inputSenhaVerificada\"]').type(senha);\ncy.get('.sc-bcXHqe').click();\ncy.get('[data-test=\"inputTelefone\"]').type(_faker.fakerPT_BR.phone.number());\ncy.get('[data-test=\"inputCEP\"]').type(_faker.fakerPT_BR.location.zipCode());\ncy.get('[data-test=\"inputRua\"]').type(_faker.fakerPT_BR.location.street());\ncy.get('[data-test=\"inputNumero\"]').type(_faker.fakerPT_BR.location.buildingNumber());\ncy.get('[data-test=\"inputComplemento\"]').type(_faker.fakerPT_BR.location.secondaryAddress());\ncy.get('[data-test=\"inputEstado\"]').type(_faker.fakerPT_BR.location.state({\n  abbreviated: true\n}));\ncy.contains('Cadastrar').click();\ncy.location('pathname').should('equal', '/login');",
                  "err": {},
                  "uuid": "31c9ac1c-b1ac-4353-8a67-be44aadada3a",
                  "parentUUID": "14ec5a5f-44bc-4c84-8b57-d0ae628fdaa9",
                  "isHook": false,
                  "skipped": false
                }
              ],
              "suites": [],
              "passes": [
                "31c9ac1c-b1ac-4353-8a67-be44aadada3a"
              ],
              "failures": [],
              "pending": [],
              "skipped": [],
              "duration": 4825,
              "root": false,
              "rootEmpty": false,
              "_timeout": 2000
            }
          ],
          "passes": [],
          "failures": [],
          "pending": [],
          "skipped": [],
          "duration": 0,
          "root": false,
          "rootEmpty": false,
          "_timeout": 2000
        }
      ],
      "passes": [],
      "failures": [],
      "pending": [],
      "skipped": [],
      "duration": 0,
      "root": true,
      "rootEmpty": true,
      "_timeout": 2000
    }
  ],
  "meta": {
    "mocha": {
      "version": "7.0.1"
    },
    "mochawesome": {
      "options": {
        "quiet": false,
        "reportFilename": "mochawesome",
        "saveHtml": true,
        "saveJson": true,
        "consoleReporter": "spec",
        "useInlineDiffs": false,
        "code": true
      },
      "version": "7.1.3"
    },
    "marge": {
      "options": {
        "reportDir": "cypress/results",
        "overwrite": false,
        "html": true,
        "json": true,
        "timestamp": "mmddyyyy_HHMMss"
      },
      "version": "6.2.0"
    }
  }
}