{
  "stats": {
    "suites": 3,
    "tests": 2,
    "passes": 0,
    "pending": 1,
    "failures": 1,
    "start": "2025-12-24T15:07:36.396Z",
    "end": "2025-12-24T15:07:37.244Z",
    "duration": 848,
    "testsRegistered": 4,
    "passPercent": 0,
    "pendingPercent": 25,
    "other": 1,
    "hasOther": true,
    "skipped": 1,
    "hasSkipped": true
  },
  "results": [
    {
      "uuid": "015a79bb-6426-43cc-b9b8-54fefb3208a9",
      "title": "",
      "fullFile": "cypress/e2e/login-api.cy.js",
      "file": "cypress/e2e/login-api.cy.js",
      "beforeHooks": [],
      "afterHooks": [],
      "tests": [],
      "suites": [
        {
          "uuid": "191ef9cd-17ce-4bb6-8218-c1388d369064",
          "title": "Testes em API",
          "fullFile": "",
          "file": "",
          "beforeHooks": [],
          "afterHooks": [],
          "tests": [],
          "suites": [
            {
              "uuid": "74bf97b5-2c04-4c3e-af48-68ceeea6401e",
              "title": "Testes em rotas com usuário autorizado",
              "fullFile": "",
              "file": "",
              "beforeHooks": [],
              "afterHooks": [],
              "tests": [
                {
                  "title": "GET via url front para teste em resposta da home",
                  "fullTitle": "Testes em API Testes em rotas com usuário autorizado GET via url front para teste em resposta da home",
                  "timedOut": null,
                  "duration": 0,
                  "state": "pending",
                  "speed": null,
                  "pass": false,
                  "fail": false,
                  "pending": true,
                  "context": null,
                  "code": "cy.request('GET', '/').should(response => {\n  expect(response.status).to.eq(200);\n});",
                  "err": {},
                  "uuid": "684db423-c0ee-4a82-9fb2-90accbbb02ef",
                  "parentUUID": "74bf97b5-2c04-4c3e-af48-68ceeea6401e",
                  "isHook": false,
                  "skipped": false
                },
                {
                  "title": "Deve verificar se o token de autenticação é retornado após login via POST na API",
                  "fullTitle": "Testes em API Testes em rotas com usuário autorizado Deve verificar se o token de autenticação é retornado após login via POST na API",
                  "timedOut": null,
                  "duration": 421,
                  "state": "failed",
                  "speed": null,
                  "pass": false,
                  "fail": true,
                  "pending": false,
                  "context": null,
                  "code": "cy.get('@token').should('exist');",
                  "err": {
                    "message": "CypressError: `cy.request()` failed on:\n\nhttp://localhost:3000/auth/login\n\nThe response we received from your web server was:\n\n  > 404: Not Found\n\nThis was considered a failure because the status code was not `2xx` or `3xx`.\n\nIf you do not want status codes to cause failures pass the option: `failOnStatusCode: false`\n\n-----------------------------------------------------------\n\nThe request we sent was:\n\nMethod: POST\nURL: http://localhost:3000/auth/login\nHeaders: {\n  \"Connection\": \"keep-alive\",\n  \"Content-Type\": \"application/json\",\n  \"user-agent\": \"Mozilla/5.0 (X11; Linux x86_64) AppleWebKit/537.36 (KHTML, like Gecko) Cypress/13.7.2 Chrome/118.0.5993.159 Electron/27.1.3 Safari/537.36\",\n  \"accept\": \"*/*\",\n  \"accept-encoding\": \"gzip, deflate\",\n  \"content-length\": 44\n}\nBody: {\"email\":\"clinica@gmail.com\",\"senha\":\"4321\"}\n\n-----------------------------------------------------------\n\nThe response we got was:\n\nStatus: 404 - Not Found\nHeaders: {\n  \"x-powered-by\": \"Express\",\n  \"access-control-allow-origin\": \"*\",\n  \"access-control-allow-methods\": \"*\",\n  \"access-control-allow-headers\": \"*\",\n  \"content-security-policy\": \"default-src 'none'\",\n  \"x-content-type-options\": \"nosniff\",\n  \"content-type\": \"text/html; charset=utf-8\",\n  \"content-length\": \"150\",\n  \"vary\": \"Accept-Encoding\",\n  \"date\": \"Wed, 24 Dec 2025 15:07:36 GMT\",\n  \"connection\": \"keep-alive\",\n  \"keep-alive\": \"timeout=5\"\n}\nBody: <!DOCTYPE html>\n<html lang=\"en\">\n<head>\n<meta charset=\"utf-8\">\n<title>Error</title>\n</head>\n<body>\n<pre>Cannot POST /auth/login</pre>\n</body>\n</html>\n\nhttps://on.cypress.io/request\n\nBecause this error occurred during a `before each` hook we are skipping the remaining tests in the current suite: `Testes em rotas com usuário...`",
                    "estack": "CypressError: `cy.request()` failed on:\n\nhttp://localhost:3000/auth/login\n\nThe response we received from your web server was:\n\n  > 404: Not Found\n\nThis was considered a failure because the status code was not `2xx` or `3xx`.\n\nIf you do not want status codes to cause failures pass the option: `failOnStatusCode: false`\n\n-----------------------------------------------------------\n\nThe request we sent was:\n\nMethod: POST\nURL: http://localhost:3000/auth/login\nHeaders: {\n  \"Connection\": \"keep-alive\",\n  \"Content-Type\": \"application/json\",\n  \"user-agent\": \"Mozilla/5.0 (X11; Linux x86_64) AppleWebKit/537.36 (KHTML, like Gecko) Cypress/13.7.2 Chrome/118.0.5993.159 Electron/27.1.3 Safari/537.36\",\n  \"accept\": \"*/*\",\n  \"accept-encoding\": \"gzip, deflate\",\n  \"content-length\": 44\n}\nBody: {\"email\":\"clinica@gmail.com\",\"senha\":\"4321\"}\n\n-----------------------------------------------------------\n\nThe response we got was:\n\nStatus: 404 - Not Found\nHeaders: {\n  \"x-powered-by\": \"Express\",\n  \"access-control-allow-origin\": \"*\",\n  \"access-control-allow-methods\": \"*\",\n  \"access-control-allow-headers\": \"*\",\n  \"content-security-policy\": \"default-src 'none'\",\n  \"x-content-type-options\": \"nosniff\",\n  \"content-type\": \"text/html; charset=utf-8\",\n  \"content-length\": \"150\",\n  \"vary\": \"Accept-Encoding\",\n  \"date\": \"Wed, 24 Dec 2025 15:07:36 GMT\",\n  \"connection\": \"keep-alive\",\n  \"keep-alive\": \"timeout=5\"\n}\nBody: <!DOCTYPE html>\n<html lang=\"en\">\n<head>\n<meta charset=\"utf-8\">\n<title>Error</title>\n</head>\n<body>\n<pre>Cannot POST /auth/login</pre>\n</body>\n</html>\n\nhttps://on.cypress.io/request\n\nBecause this error occurred during a `before each` hook we are skipping the remaining tests in the current suite: `Testes em rotas com usuário...`\n    at <unknown> (http://localhost:3000/__cypress/runner/cypress_runner.js:133123:72)\n    at tryCatcher (http://localhost:3000/__cypress/runner/cypress_runner.js:1807:23)\n    at Promise._settlePromiseFromHandler (http://localhost:3000/__cypress/runner/cypress_runner.js:1519:31)\n    at Promise._settlePromise (http://localhost:3000/__cypress/runner/cypress_runner.js:1576:18)\n    at Promise._settlePromise0 (http://localhost:3000/__cypress/runner/cypress_runner.js:1621:10)\n    at Promise._settlePromises (http://localhost:3000/__cypress/runner/cypress_runner.js:1701:18)\n    at _drainQueueStep (http://localhost:3000/__cypress/runner/cypress_runner.js:2407:12)\n    at _drainQueue (http://localhost:3000/__cypress/runner/cypress_runner.js:2400:9)\n    at Async._drainQueues (http://localhost:3000/__cypress/runner/cypress_runner.js:2416:5)\n    at Async.drainQueues (http://localhost:3000/__cypress/runner/cypress_runner.js:2286:14)\nFrom Your Spec Code:\n    at ee (webpack://vollmedcy/./node_modules/cypress-plugin-api/dist/support.js:14:2002)\n    at Context.eval (webpack://vollmedcy/./node_modules/cypress-plugin-api/dist/support.js:14:2181)",
                    "diff": null
                  },
                  "uuid": "343dc819-9f7a-4c9a-98d2-2d4142ad1ed2",
                  "parentUUID": "74bf97b5-2c04-4c3e-af48-68ceeea6401e",
                  "isHook": false,
                  "skipped": false
                },
                {
                  "title": "Deve verificar se o usuário está autenticado corretamente via POST na API",
                  "fullTitle": "Testes em API Testes em rotas com usuário autorizado Deve verificar se o usuário está autenticado corretamente via POST na API",
                  "timedOut": null,
                  "duration": 0,
                  "state": "skipped",
                  "speed": null,
                  "pass": false,
                  "fail": false,
                  "pending": false,
                  "context": null,
                  "code": "cy.get('@token').then(token => {\n  expect(token).to.exist;\n});",
                  "err": {},
                  "uuid": "4972cf43-78e8-47af-9034-5589792d16e0",
                  "parentUUID": "74bf97b5-2c04-4c3e-af48-68ceeea6401e",
                  "isHook": false,
                  "skipped": true
                }
              ],
              "suites": [],
              "passes": [],
              "failures": [
                "343dc819-9f7a-4c9a-98d2-2d4142ad1ed2"
              ],
              "pending": [
                "684db423-c0ee-4a82-9fb2-90accbbb02ef"
              ],
              "skipped": [
                "4972cf43-78e8-47af-9034-5589792d16e0"
              ],
              "duration": 421,
              "root": false,
              "rootEmpty": false,
              "_timeout": 2000
            },
            {
              "uuid": "2884f918-7a6f-4c00-a957-131c0aca1127",
              "title": "Validações em respostas da API",
              "fullFile": "",
              "file": "",
              "beforeHooks": [],
              "afterHooks": [],
              "tests": [
                {
                  "title": "POST em especialistas",
                  "fullTitle": "Testes em API Validações em respostas da API POST em especialistas",
                  "timedOut": null,
                  "duration": 247,
                  "state": "failed",
                  "speed": null,
                  "pass": false,
                  "fail": true,
                  "pending": false,
                  "context": null,
                  "code": "cy.get('@especialistas').then(dados => {\n  const especialista = dados.especialistas[0];\n  cy.get('@token').then(token => {\n    cy.request({\n      method: 'POST',\n      url: Cypress.env('api_clinica'),\n      headers: {\n        Authorization: `Bearer ${token}`\n      },\n      body: {\n        nome: especialista.nome,\n        email: especialista.email,\n        senha: especialista.senha,\n        endereco: {\n          cep: especialista.cep,\n          rua: especialista.rua,\n          numero: especialista.numero,\n          complemento: especialista.complemento,\n          estado: especialista.estado\n        }\n      }\n    }).then(response => {\n      if (response.status !== 201) {\n        cy.log(`O status ${response.status} não é o padrão 201`);\n      }\n      expect(response.body).to.have.property('id');\n      expect(response.body).to.have.property('nome');\n      expect(response.body).to.have.property('email');\n    });\n  });\n});",
                  "err": {
                    "message": "CypressError: `cy.request()` failed on:\n\nhttp://localhost:3000/auth/login\n\nThe response we received from your web server was:\n\n  > 404: Not Found\n\nThis was considered a failure because the status code was not `2xx` or `3xx`.\n\nIf you do not want status codes to cause failures pass the option: `failOnStatusCode: false`\n\n-----------------------------------------------------------\n\nThe request we sent was:\n\nMethod: POST\nURL: http://localhost:3000/auth/login\nHeaders: {\n  \"Connection\": \"keep-alive\",\n  \"Content-Type\": \"application/json\",\n  \"user-agent\": \"Mozilla/5.0 (X11; Linux x86_64) AppleWebKit/537.36 (KHTML, like Gecko) Cypress/13.7.2 Chrome/118.0.5993.159 Electron/27.1.3 Safari/537.36\",\n  \"accept\": \"*/*\",\n  \"accept-encoding\": \"gzip, deflate\",\n  \"content-length\": 44\n}\nBody: {\"email\":\"clinica@gmail.com\",\"senha\":\"4321\"}\n\n-----------------------------------------------------------\n\nThe response we got was:\n\nStatus: 404 - Not Found\nHeaders: {\n  \"x-powered-by\": \"Express\",\n  \"access-control-allow-origin\": \"*\",\n  \"access-control-allow-methods\": \"*\",\n  \"access-control-allow-headers\": \"*\",\n  \"content-security-policy\": \"default-src 'none'\",\n  \"x-content-type-options\": \"nosniff\",\n  \"content-type\": \"text/html; charset=utf-8\",\n  \"content-length\": \"150\",\n  \"vary\": \"Accept-Encoding\",\n  \"date\": \"Wed, 24 Dec 2025 15:07:36 GMT\",\n  \"connection\": \"keep-alive\",\n  \"keep-alive\": \"timeout=5\"\n}\nBody: <!DOCTYPE html>\n<html lang=\"en\">\n<head>\n<meta charset=\"utf-8\">\n<title>Error</title>\n</head>\n<body>\n<pre>Cannot POST /auth/login</pre>\n</body>\n</html>\n\nhttps://on.cypress.io/request\n\nBecause this error occurred during a `before each` hook we are skipping the remaining tests in the current suite: `Validações em respostas da API`",
                    "estack": "CypressError: `cy.request()` failed on:\n\nhttp://localhost:3000/auth/login\n\nThe response we received from your web server was:\n\n  > 404: Not Found\n\nThis was considered a failure because the status code was not `2xx` or `3xx`.\n\nIf you do not want status codes to cause failures pass the option: `failOnStatusCode: false`\n\n-----------------------------------------------------------\n\nThe request we sent was:\n\nMethod: POST\nURL: http://localhost:3000/auth/login\nHeaders: {\n  \"Connection\": \"keep-alive\",\n  \"Content-Type\": \"application/json\",\n  \"user-agent\": \"Mozilla/5.0 (X11; Linux x86_64) AppleWebKit/537.36 (KHTML, like Gecko) Cypress/13.7.2 Chrome/118.0.5993.159 Electron/27.1.3 Safari/537.36\",\n  \"accept\": \"*/*\",\n  \"accept-encoding\": \"gzip, deflate\",\n  \"content-length\": 44\n}\nBody: {\"email\":\"clinica@gmail.com\",\"senha\":\"4321\"}\n\n-----------------------------------------------------------\n\nThe response we got was:\n\nStatus: 404 - Not Found\nHeaders: {\n  \"x-powered-by\": \"Express\",\n  \"access-control-allow-origin\": \"*\",\n  \"access-control-allow-methods\": \"*\",\n  \"access-control-allow-headers\": \"*\",\n  \"content-security-policy\": \"default-src 'none'\",\n  \"x-content-type-options\": \"nosniff\",\n  \"content-type\": \"text/html; charset=utf-8\",\n  \"content-length\": \"150\",\n  \"vary\": \"Accept-Encoding\",\n  \"date\": \"Wed, 24 Dec 2025 15:07:36 GMT\",\n  \"connection\": \"keep-alive\",\n  \"keep-alive\": \"timeout=5\"\n}\nBody: <!DOCTYPE html>\n<html lang=\"en\">\n<head>\n<meta charset=\"utf-8\">\n<title>Error</title>\n</head>\n<body>\n<pre>Cannot POST /auth/login</pre>\n</body>\n</html>\n\nhttps://on.cypress.io/request\n\nBecause this error occurred during a `before each` hook we are skipping the remaining tests in the current suite: `Validações em respostas da API`\n    at <unknown> (http://localhost:3000/__cypress/runner/cypress_runner.js:133123:72)\n    at tryCatcher (http://localhost:3000/__cypress/runner/cypress_runner.js:1807:23)\n    at Promise._settlePromiseFromHandler (http://localhost:3000/__cypress/runner/cypress_runner.js:1519:31)\n    at Promise._settlePromise (http://localhost:3000/__cypress/runner/cypress_runner.js:1576:18)\n    at Promise._settlePromise0 (http://localhost:3000/__cypress/runner/cypress_runner.js:1621:10)\n    at Promise._settlePromises (http://localhost:3000/__cypress/runner/cypress_runner.js:1701:18)\n    at _drainQueueStep (http://localhost:3000/__cypress/runner/cypress_runner.js:2407:12)\n    at _drainQueue (http://localhost:3000/__cypress/runner/cypress_runner.js:2400:9)\n    at Async._drainQueues (http://localhost:3000/__cypress/runner/cypress_runner.js:2416:5)\n    at Async.drainQueues (http://localhost:3000/__cypress/runner/cypress_runner.js:2286:14)\nFrom Your Spec Code:\n    at ee (webpack://vollmedcy/./node_modules/cypress-plugin-api/dist/support.js:14:2002)\n    at Context.eval (webpack://vollmedcy/./node_modules/cypress-plugin-api/dist/support.js:14:2181)",
                    "diff": null
                  },
                  "uuid": "36eb115d-c491-4310-8d82-fb4e7471121d",
                  "parentUUID": "2884f918-7a6f-4c00-a957-131c0aca1127",
                  "isHook": false,
                  "skipped": false
                }
              ],
              "suites": [],
              "passes": [],
              "failures": [
                "36eb115d-c491-4310-8d82-fb4e7471121d"
              ],
              "pending": [],
              "skipped": [],
              "duration": 247,
              "root": false,
              "rootEmpty": false,
              "_timeout": 2000
            }
          ],
          "passes": [],
          "failures": [],
          "pending": [],
          "skipped": [],
          "duration": 0,
          "root": false,
          "rootEmpty": false,
          "_timeout": 2000
        }
      ],
      "passes": [],
      "failures": [],
      "pending": [],
      "skipped": [],
      "duration": 0,
      "root": true,
      "rootEmpty": true,
      "_timeout": 2000
    }
  ],
  "meta": {
    "mocha": {
      "version": "7.0.1"
    },
    "mochawesome": {
      "options": {
        "quiet": false,
        "reportFilename": "mochawesome",
        "saveHtml": true,
        "saveJson": true,
        "consoleReporter": "spec",
        "useInlineDiffs": false,
        "code": true
      },
      "version": "7.1.3"
    },
    "marge": {
      "options": {
        "reportDir": "cypress/results",
        "overwrite": false,
        "html": true,
        "json": true,
        "timestamp": "mmddyyyy_HHMMss"
      },
      "version": "6.2.0"
    }
  }
}